<?xml version="1.0" encoding="UTF-8"?>
<testng-results ignored="0" total="1" passed="1" failed="0" skipped="0">
  <reporter-output>
  </reporter-output>
  <suite started-at="2020-08-08T18:18:09 IST" name="Default suite" finished-at="2020-08-08T18:18:18 IST" duration-ms="9315">
    <groups>
    </groups>
    <test started-at="2020-08-08T18:18:09 IST" name="Default test" finished-at="2020-08-08T18:18:18 IST" duration-ms="9315">
      <class name="pdfreader.pdfreader">
        <test-method signature="pdfreaderwords()[pri:0, instance:pdfreader.pdfreader@6b8ca3c8]" started-at="2020-08-08T18:18:09 IST" name="pdfreaderwords" finished-at="2020-08-08T18:18:18 IST" duration-ms="9140" status="PASS">
          <reporter-output>
          </reporter-output>
        </test-method> <!-- pdfreaderwords -->
      </class> <!-- pdfreader.pdfreader -->
    </test> <!-- Default test -->
  </suite> <!-- Default suite -->
</testng-results>
